================================================================================
Invalid Predictions Log - Dataset: cike-dev/gab
================================================================================

================================================================================
Invalid Predictions Log - Dataset: cike-dev/olid
================================================================================

================================================================================
Invalid Predictions Log - Dataset: cike-dev/hatexplain
================================================================================

================================================================================
Invalid Predictions Log - Dataset: cike-dev/stormfront
================================================================================

================================================================================
Invalid Predictions Log - Dataset: cike-dev/tdavidson
================================================================================

================================================================================
Invalid Predictions Log - Dataset: cike-dev/gab
================================================================================

================================================================================
Invalid Predictions Log - Dataset: cike-dev/olid
================================================================================

================================================================================
Invalid Predictions Log - Dataset: cike-dev/hatexplain
================================================================================

================================================================================
Invalid Predictions Log - Dataset: cike-dev/stormfront
================================================================================

================================================================================
Invalid Predictions Log - Dataset: cike-dev/tdavidson
================================================================================

